yarn run v1.22.22
warning ../../../../../package.json: No license field
$ vite build
[frappeui-build-config-plugin] Could not find build output directory automatically. Please specify it manually.
vite v5.4.21 building for production...
transforming...
✓ 2456 modules transformed.
rendering chunks...
[plugin:vite:reporter] [plugin vite:reporter] 
(!) /workspace/development/frappe-bench/apps/zevar_core/frontend/zevar_ui/src/services/OfflineDB.js is dynamically imported by /workspace/development/frappe-bench/apps/zevar_core/frontend/zevar_ui/src/stores/offline.js, /workspace/development/frappe-bench/apps/zevar_core/frontend/zevar_ui/src/stores/offline.js, /workspace/development/frappe-bench/apps/zevar_core/frontend/zevar_ui/src/stores/offline.js, /workspace/development/frappe-bench/apps/zevar_core/frontend/zevar_ui/src/stores/offline.js, /workspace/development/frappe-bench/apps/zevar_core/frontend/zevar_ui/src/stores/offline.js, /workspace/development/frappe-bench/apps/zevar_core/frontend/zevar_ui/src/stores/offline.js but also statically imported by /workspace/development/frappe-bench/apps/zevar_core/frontend/zevar_ui/src/stores/cart.js, /workspace/development/frappe-bench/apps/zevar_core/frontend/zevar_ui/src/stores/offline.js, dynamic import will not move module into another chunk.

computing gzip size...
../../zevar_core/public/pos/index.html                                         1.27 kB │ gzip:   0.65 kB
../../zevar_core/public/pos/.vite/manifest.json                               46.01 kB │ gzip:   4.72 kB
../../zevar_core/public/pos/assets/CategoryListing-Dvej-KPk.css                0.12 kB │ gzip:   0.11 kB
../../zevar_core/public/pos/assets/ProductModal-CeVPQjTM.css                   0.24 kB │ gzip:   0.15 kB
../../zevar_core/public/pos/assets/BaseFilterBar-CpYri0Qs.css                  0.32 kB │ gzip:   0.15 kB
../../zevar_core/public/pos/assets/POS-B44zdwJJ.css                            0.36 kB │ gzip:   0.17 kB
../../zevar_core/public/pos/assets/CatalogueView-CzVYHm4L.css                  0.43 kB │ gzip:   0.17 kB
../../zevar_core/public/pos/assets/Inventory-D-lG4d0Q.css                      0.45 kB │ gzip:   0.17 kB
../../zevar_core/public/pos/assets/BaseModal-B3eHRNXh.css                      0.49 kB │ gzip:   0.17 kB
../../zevar_core/public/pos/assets/Layaway-CmKsfqQ3.css                        1.21 kB │ gzip:   0.38 kB
../../zevar_core/public/pos/assets/RepairPartsDrawer-n9JLnqKq.css              3.17 kB │ gzip:   0.92 kB
../../zevar_core/public/pos/assets/InventoryTab-Ckz_3gEr.css                   3.32 kB │ gzip:   1.02 kB
../../zevar_core/public/pos/assets/Login-BnCKqFEH.css                          3.67 kB │ gzip:   1.08 kB
../../zevar_core/public/pos/assets/AnalyticsHub-Duysbbka.css                   5.77 kB │ gzip:   1.49 kB
../../zevar_core/public/pos/assets/Dashboard-xcukUN77.css                      9.31 kB │ gzip:   1.79 kB
../../zevar_core/public/pos/assets/index-BWaeeN3T.css                         11.80 kB │ gzip:   3.24 kB
../../zevar_core/public/pos/assets/AppLayout-Wvxrebe_.css                     14.02 kB │ gzip:   3.09 kB
../../zevar_core/public/pos/assets/index-DGqkLWP6.css                        224.85 kB │ gzip:  34.02 kB
../../zevar_core/public/pos/assets/_plugin-vue_export-helper-DlAUqK2U.js       0.09 kB │ gzip:   0.10 kB
../../zevar_core/public/pos/assets/InsertLink-2fNZeGOv.js                      0.26 kB │ gzip:   0.22 kB
../../zevar_core/public/pos/assets/InsertVideo-BentLYCy.js                     0.28 kB │ gzip:   0.23 kB
../../zevar_core/public/pos/assets/CatalogueDashboard-DfVKCCfd.js              0.33 kB │ gzip:   0.25 kB
../../zevar_core/public/pos/assets/POSCategoryListing-DV0zCRcL.js              0.46 kB │ gzip:   0.33 kB
../../zevar_core/public/pos/assets/POSCatalogue-BpGS3kFU.js                    0.47 kB │ gzip:   0.33 kB
../../zevar_core/public/pos/assets/dates-ByXNN2DU.js                           0.54 kB │ gzip:   0.30 kB
../../zevar_core/public/pos/assets/useFormatters-yijnDPkr.js                   0.92 kB │ gzip:   0.50 kB
../../zevar_core/public/pos/assets/RepairDetailDrawer-CQviiyGW.js              1.04 kB │ gzip:   0.61 kB
../../zevar_core/public/pos/assets/SpecialOrders-wH5ggPcd.js                   1.09 kB │ gzip:   0.56 kB
../../zevar_core/public/pos/assets/LiveMonitor-CKf4uG7i.js                     1.10 kB │ gzip:   0.58 kB
../../zevar_core/public/pos/assets/AssociateDetailPerformance-3PTid3Gm.js      1.11 kB │ gzip:   0.58 kB
../../zevar_core/public/pos/assets/WorkforceIntelligence-4Uh_V_yB.js           1.12 kB │ gzip:   0.58 kB
../../zevar_core/public/pos/assets/InsertImage-CdLfSDkO.js                     1.12 kB │ gzip:   0.68 kB
../../zevar_core/public/pos/assets/SalesDetailDrawer-zi1Rbiul.js               1.12 kB │ gzip:   0.67 kB
../../zevar_core/public/pos/assets/HoldQueueDrawer-ZvA3wwPb.js                 1.29 kB │ gzip:   0.73 kB
../../zevar_core/public/pos/assets/OverdueDrawer-CEyeXDPZ.js                   1.40 kB │ gzip:   0.72 kB
../../zevar_core/public/pos/assets/LowStockDrawer-BBKMd2Jo.js                  1.48 kB │ gzip:   0.83 kB
../../zevar_core/public/pos/assets/gold-DRfwsAMf.js                            1.61 kB │ gzip:   0.86 kB
../../zevar_core/public/pos/assets/ViewToggle-C2TCw1Pe.js                      1.62 kB │ gzip:   0.68 kB
../../zevar_core/public/pos/assets/LayawayDetailDrawer-CgI45xT3.js             1.76 kB │ gzip:   0.93 kB
../../zevar_core/public/pos/assets/BaseFilterBar-BPym3kAF.js                   1.77 kB │ gzip:   0.94 kB
../../zevar_core/public/pos/assets/CashVarianceDrawer-WV5B55mt.js              1.79 kB │ gzip:   0.92 kB
../../zevar_core/public/pos/assets/PaymentCancelled-CZasNKhc.js                1.91 kB │ gzip:   0.99 kB
../../zevar_core/public/pos/assets/DetailListDrawer-B-Y3O1hS.js                2.01 kB │ gzip:   0.98 kB
../../zevar_core/public/pos/assets/StatCard-BvhkewtS.js                        2.04 kB │ gzip:   0.89 kB
../../zevar_core/public/pos/assets/KPICard-wVE-8SKs.js                         2.31 kB │ gzip:   0.82 kB
../../zevar_core/public/pos/assets/hr-uuV_wawa.js                              3.09 kB │ gzip:   1.09 kB
../../zevar_core/public/pos/assets/InsertIframe-Da6XfVgE.js                    3.13 kB │ gzip:   1.53 kB
../../zevar_core/public/pos/assets/AppraisalReminders-DF2otgMC.js              3.39 kB │ gzip:   1.53 kB
../../zevar_core/public/pos/assets/FontColor-Deohguvs.js                       3.55 kB │ gzip:   1.23 kB
../../zevar_core/public/pos/assets/RevenueTab-Cu6ajwGi.js                      3.57 kB │ gzip:   1.41 kB
../../zevar_core/public/pos/assets/ReportViewer-DHXzVHMD.js                    3.69 kB │ gzip:   1.76 kB
../../zevar_core/public/pos/assets/FinanceTab-CWWRdX0m.js                      3.74 kB │ gzip:   1.60 kB
../../zevar_core/public/pos/assets/AIInsightsTab-BljhRyKF.js                   3.81 kB │ gzip:   1.74 kB
../../zevar_core/public/pos/assets/CustomersTab-BBOTshJj.js                    3.91 kB │ gzip:   1.50 kB
../../zevar_core/public/pos/assets/RepairsTab-xvfE5YzB.js                      3.96 kB │ gzip:   1.62 kB
../../zevar_core/public/pos/assets/accounting-DUKYjRMp.js                      4.04 kB │ gzip:   1.21 kB
../../zevar_core/public/pos/assets/CustomerMemo-C9hbtXs1.js                    4.40 kB │ gzip:   1.88 kB
../../zevar_core/public/pos/assets/Login-rWltV0f5.js                           4.62 kB │ gzip:   1.88 kB
../../zevar_core/public/pos/assets/inventoryV2-Bpv0InBr.js                     5.25 kB │ gzip:   1.45 kB
../../zevar_core/public/pos/assets/ExternalBench-D3rwpiwx.js                   5.40 kB │ gzip:   2.28 kB
../../zevar_core/public/pos/assets/PaymentSuccess-DeIXUfsm.js                  5.42 kB │ gzip:   2.16 kB
../../zevar_core/public/pos/assets/permissions-BC7gxXmp.js                     5.46 kB │ gzip:   1.63 kB
../../zevar_core/public/pos/assets/MemoItemStatus-fK42nIJs.js                  5.49 kB │ gzip:   2.08 kB
../../zevar_core/public/pos/assets/MetalPurityAdmin-B9e1tW0Z.js                5.70 kB │ gzip:   1.79 kB
../../zevar_core/public/pos/assets/Terminals-Cs2vtUE7.js                       5.76 kB │ gzip:   2.02 kB
../../zevar_core/public/pos/assets/CreditNotes-Crrx59RN.js                     5.82 kB │ gzip:   2.19 kB
../../zevar_core/public/pos/assets/StoreTransferModal-D8sKyUmo.js              5.97 kB │ gzip:   2.44 kB
../../zevar_core/public/pos/assets/Inventory-BYCUEzU2.js                       6.02 kB │ gzip:   2.31 kB
../../zevar_core/public/pos/assets/TimeClock-DGGhr2G9.js                       6.02 kB │ gzip:   2.35 kB
../../zevar_core/public/pos/assets/Revenue-BXfcgszi.js                         6.17 kB │ gzip:   2.33 kB
../../zevar_core/public/pos/assets/ScrapRecovery-DGBNQdKp.js                   6.28 kB │ gzip:   2.21 kB
../../zevar_core/public/pos/assets/Invoices-BYa4yLBo.js                        6.29 kB │ gzip:   2.37 kB
../../zevar_core/public/pos/assets/Customer-DRqbRity.js                        6.38 kB │ gzip:   2.42 kB
../../zevar_core/public/pos/assets/MemoAging-CiOFlIiP.js                       6.46 kB │ gzip:   2.45 kB
../../zevar_core/public/pos/assets/EmployeePortal-GMY8bPYj.js                  6.54 kB │ gzip:   2.30 kB
../../zevar_core/public/pos/assets/RepairTimeline-BIQTtviL.js                  6.67 kB │ gzip:   2.14 kB
../../zevar_core/public/pos/assets/AppraisalList-Cjjlyfaz.js                   6.87 kB │ gzip:   2.39 kB
../../zevar_core/public/pos/assets/VendorMemoDashboard-D6gCat2X.js             6.90 kB │ gzip:   2.37 kB
../../zevar_core/public/pos/assets/stock-DIvKOVH9.js                           6.93 kB │ gzip:   1.67 kB
../../zevar_core/public/pos/assets/ExportUBL-CLaptZVs.js                       7.42 kB │ gzip:   2.79 kB
../../zevar_core/public/pos/assets/RepairLookup-fZ2kkBmW.js                    8.61 kB │ gzip:   3.33 kB
../../zevar_core/public/pos/assets/LeaveManagement-BBevDWWx.js                 8.75 kB │ gzip:   2.98 kB
../../zevar_core/public/pos/assets/ComponentInventory-CMuypBUl.js              9.01 kB │ gzip:   2.81 kB
../../zevar_core/public/pos/assets/RepairPartsDrawer-CxoTre0w.js               9.13 kB │ gzip:   3.61 kB
../../zevar_core/public/pos/assets/EstimateApproval-BASLH4sT.js                9.22 kB │ gzip:   2.86 kB
../../zevar_core/public/pos/assets/TradeIns-C3caQgvD.js                        9.49 kB │ gzip:   3.07 kB
../../zevar_core/public/pos/assets/BomBuilder-BAtRnZKK.js                      9.49 kB │ gzip:   3.16 kB
../../zevar_core/public/pos/assets/Catalogs-DD0FCOi7.js                        9.61 kB │ gzip:   3.45 kB
../../zevar_core/public/pos/assets/Appraisals-FnOvl8kr.js                      9.66 kB │ gzip:   3.17 kB
../../zevar_core/public/pos/assets/EmployeeLiveMonitor-DO5s-Prz.js             9.74 kB │ gzip:   3.38 kB
../../zevar_core/public/pos/assets/InventoryTab-B_NCXqwo.js                   11.51 kB │ gzip:   4.30 kB
../../zevar_core/public/pos/assets/Categories-DVdMWe7F.js                     11.82 kB │ gzip:   3.68 kB
../../zevar_core/public/pos/assets/KnowledgeBase-ByJut_TJ.js                  12.46 kB │ gzip:   3.97 kB
../../zevar_core/public/pos/assets/Brands-PxxadBWp.js                         12.57 kB │ gzip:   4.09 kB
../../zevar_core/public/pos/assets/Collections-DhZwRP7O.js                    12.66 kB │ gzip:   3.97 kB
../../zevar_core/public/pos/assets/Storages-Dn8kpqwu.js                       12.74 kB │ gzip:   3.83 kB
../../zevar_core/public/pos/assets/AdminMonitor-B5VVK9yZ.js                   12.88 kB │ gzip:   4.00 kB
../../zevar_core/public/pos/assets/POSOpening-8qSogl3p.js                     13.06 kB │ gzip:   4.46 kB
../../zevar_core/public/pos/assets/IncomingMemos-sypsQs2y.js                  13.20 kB │ gzip:   3.89 kB
../../zevar_core/public/pos/assets/Transactions-aE0GjDNM.js                   14.15 kB │ gzip:   4.15 kB
../../zevar_core/public/pos/assets/CategoryListing-DNrTKqNh.js                14.36 kB │ gzip:   4.86 kB
../../zevar_core/public/pos/assets/StockManagement-DtWdEZK2.js                14.94 kB │ gzip:   3.97 kB
../../zevar_core/public/pos/assets/SupplierOrders-D4O3glcc.js                 16.23 kB │ gzip:   4.49 kB
../../zevar_core/public/pos/assets/ItemFilterBar-DvNPRGVv.js                  16.32 kB │ gzip:   3.92 kB
../../zevar_core/public/pos/assets/Assemblies-DJiTSOfY.js                     16.36 kB │ gzip:   4.37 kB
../../zevar_core/public/pos/assets/Tasks--MpmW-Vl.js                          16.63 kB │ gzip:   4.71 kB
../../zevar_core/public/pos/assets/Support-QhlE6GOy.js                        17.18 kB │ gzip:   5.16 kB
../../zevar_core/public/pos/assets/Metals-B8vJfy8d.js                         17.27 kB │ gzip:   4.85 kB
../../zevar_core/public/pos/assets/Contacts-BvdNRG-Z.js                       19.07 kB │ gzip:   4.95 kB
../../zevar_core/public/pos/assets/Quotes-CXHn6a91.js                         19.39 kB │ gzip:   5.19 kB
../../zevar_core/public/pos/assets/Gems-BOtppAnC.js                           20.09 kB │ gzip:   5.19 kB
../../zevar_core/public/pos/assets/ProductModal-GKnCTpF4.js                   23.74 kB │ gzip:   6.77 kB
../../zevar_core/public/pos/assets/Customers-DC2yPm_c.js                      24.23 kB │ gzip:   6.25 kB
../../zevar_core/public/pos/assets/CatalogueView-DZCACnH5.js                  24.95 kB │ gzip:   6.86 kB
../../zevar_core/public/pos/assets/AnalyticsHub-CwtZecwt.js                   26.97 kB │ gzip:   9.10 kB
../../zevar_core/public/pos/assets/CustomerRepairPortal-DXh6Vegz.js           27.73 kB │ gzip:   7.73 kB
../../zevar_core/public/pos/assets/BaseModal-DX_5boXU.js                      27.77 kB │ gzip:   8.78 kB
../../zevar_core/public/pos/assets/Settings-CsqYhTNj.js                       28.05 kB │ gzip:   6.34 kB
../../zevar_core/public/pos/assets/POSClosing-CP0ZwCmO.js                     28.74 kB │ gzip:   8.00 kB
../../zevar_core/public/pos/assets/Dashboard-C_EKkQPx.js                      28.96 kB │ gzip:   5.36 kB
../../zevar_core/public/pos/assets/ProfitIntelligence-BPZyoefO.js             30.49 kB │ gzip:   8.39 kB
../../zevar_core/public/pos/assets/SalesHistory-DOIkCgKN.js                   31.71 kB │ gzip:   8.20 kB
../../zevar_core/public/pos/assets/ReportsHub--Q4AD7fC.js                     37.85 kB │ gzip:  10.33 kB
../../zevar_core/public/pos/assets/InventoryAudit-B0W1EXP2.js                 47.34 kB │ gzip:  12.13 kB
../../zevar_core/public/pos/assets/POS-CVgqW-9_.js                            72.63 kB │ gzip:  19.24 kB
../../zevar_core/public/pos/assets/Layaway-DG18p-4n.js                        78.75 kB │ gzip:  18.48 kB
../../zevar_core/public/pos/assets/Inventory-dT1VX3vl.js                     103.73 kB │ gzip:  22.41 kB
../../zevar_core/public/pos/assets/RepairTerminal-BjhFXB2Q.js                137.61 kB │ gzip:  33.31 kB
../../zevar_core/public/pos/assets/index-Bnwcm5lQ.js                         324.07 kB │ gzip: 106.08 kB
../../zevar_core/public/pos/assets/AppLayout-BQT3Jtk4.js                     702.59 kB │ gzip: 183.96 kB
../../zevar_core/public/pos/assets/index-BEncMsqt.js                       2,580.84 kB │ gzip: 809.24 kB

(!) Some chunks are larger than 500 kB after minification. Consider:
- Using dynamic import() to code-split the application
- Use build.rollupOptions.output.manualChunks to improve chunking: https://rollupjs.org/configuration-options/#output-manualchunks
- Adjust chunk size limit for this warning via build.chunkSizeWarningLimit.
✓ built in 15.02s
Done in 15.50s.
